\BOOKMARK [0][-]{section*.1}{Summary}{}% 1
\BOOKMARK [0][-]{section*.3}{Acknowledgements}{}% 2
\BOOKMARK [0][-]{chapter*.6}{List of Figures}{}% 3
\BOOKMARK [0][-]{chapter*.7}{List of Tables}{}% 4
\BOOKMARK [0][-]{section*.8}{Nomenclature}{}% 5
\BOOKMARK [0][-]{chapter.1}{1 Introduction}{}% 6
\BOOKMARK [1][-]{section.1.1}{1.1 Before You Start}{chapter.1}% 7
\BOOKMARK [1][-]{section.1.2}{1.2 Quick Compilation of Your Thesis}{chapter.1}% 8
\BOOKMARK [1][-]{section.1.3}{1.3 Custom Commands}{chapter.1}% 9
\BOOKMARK [2][-]{subsection.1.3.1}{1.3.1 Vertical Spacing in Tables}{section.1.3}% 10
\BOOKMARK [2][-]{subsection.1.3.2}{1.3.2 Shorthand Notations for Sine, Cosine and Tangent}{section.1.3}% 11
\BOOKMARK [1][-]{section.1.4}{1.4 Bibliography/References}{chapter.1}% 12
\BOOKMARK [1][-]{section.1.5}{1.5 Symbols and Units}{chapter.1}% 13
\BOOKMARK [2][-]{subsection.1.5.1}{1.5.1 Summary of Commands}{section.1.5}% 14
\BOOKMARK [2][-]{subsection.1.5.2}{1.5.2 More Examples}{section.1.5}% 15
\BOOKMARK [1][-]{section.1.6}{1.6 Figures}{chapter.1}% 16
\BOOKMARK [2][-]{subsection.1.6.1}{1.6.1 Some Examples}{section.1.6}% 17
\BOOKMARK [2][-]{subsection.1.6.2}{1.6.2 Alternatives}{section.1.6}% 18
\BOOKMARK [0][-]{section*.14}{References}{}% 19
\BOOKMARK [0][-]{appendix.A}{A Mathematical Model}{}% 20
\BOOKMARK [1][-]{section.A.1}{A.1 Introduction}{appendix.A}% 21
