This is pdfeTeX, Version 3.141592-1.21a-2.2 (Web2C 7.5.4) (format=pdflatex 2007.8.30)  21 NOV 2007 13:13
entering extended mode
**apacite.drv
(/home/wim/latex/local/apacite_new/apacite.drv
LaTeX2e <2003/12/01>
Babel <v3.8d> and hyphenation patterns for american, french, german, ngerman, b
ahasa, basque, bulgarian, catalan, croatian, czech, danish, dutch, esperanto, e
stonian, finnish, greek, icelandic, irish, italian, latin, magyar, norsk, polis
h, portuges, romanian, russian, serbian, slovak, slovene, spanish, swedish, tur
kish, ukrainian, nohyphenation, loaded.
File: apacite.drv 2007/09/03 v4.00 apacite documentation driver file
(/usr/share/texmf/tex/latex/base/ltxdoc.cls
Document Class: ltxdoc 1999/08/08 v2.0u Standard LaTeX documentation class
*************************************
* Local config file ltxdoc.cfg used
*************************************
(/usr/share/texmf/tex/latex/base/ltxdoc.cfg
File: ltxdoc.cfg 2001/06/05 v1.0 teTeX: LaTeX documentation setup
)
(/usr/share/texmf/tex/latex/base/article.cls
Document Class: article 2004/02/16 v1.4f Standard LaTeX document class
(/usr/share/texmf/tex/latex/base/size10.clo
File: size10.clo 2004/02/16 v1.4f Standard LaTeX file (size option)
)
\c@part=\count79
\c@section=\count80
\c@subsection=\count81
\c@subsubsection=\count82
\c@paragraph=\count83
\c@subparagraph=\count84
\c@figure=\count85
\c@table=\count86
\abovecaptionskip=\skip41
\belowcaptionskip=\skip42
\bibindent=\dimen102
)
(/usr/share/texmf/tex/latex/base/doc.sty
Package: doc 2004/02/09 v2.1b Standard LaTeX documentation package (FMi)
\c@StandardModuleDepth=\count87
\guard@level=\count88
\MacrocodeTopsep=\skip43
\MacroIndent=\dimen103
\macro@cnt=\count89
\MacroTopsep=\skip44
\index@excludelist=\toks14

(/usr/share/texmf/tex/latex/tools/multicol.sty
Package: multicol 2004/02/14 v1.6e multicolumn formatting (FMi)
\c@tracingmulticols=\count90
\mult@box=\box26
\multicol@leftmargin=\dimen104
\c@unbalance=\count91
\c@collectmore=\count92
\doublecol@number=\count93
\multicoltolerance=\count94
\multicolpretolerance=\count95
\full@width=\dimen105
\page@free=\dimen106
\premulticols=\dimen107
\postmulticols=\dimen108
\multicolsep=\skip45
\multicolbaselineskip=\skip46
\partial@page=\box27
\last@line=\box28
\mult@rightbox=\box29
\mult@grightbox=\box30
\mult@gfirstbox=\box31
\mult@firstbox=\box32
\@tempa=\box33
\@tempa=\box34
\@tempa=\box35
\@tempa=\box36
\@tempa=\box37
\@tempa=\box38
\@tempa=\box39
\@tempa=\box40
\@tempa=\box41
\@tempa=\box42
\@tempa=\box43
\@tempa=\box44
\@tempa=\box45
\@tempa=\box46
\@tempa=\box47
\@tempa=\box48
\@tempa=\box49
\c@columnbadness=\count96
\c@finalcolumnbadness=\count97
\last@try=\dimen109
\multicolovershoot=\dimen110
\multicolundershoot=\dimen111
\mult@nat@firstbox=\box50
\colbreak@box=\box51
)
\IndexMin=\dimen112
\c@IndexColumns=\count98
\GlossaryMin=\dimen113
\c@GlossaryColumns=\count99
\check@sum=\count100
\bslash@cnt=\count101
\wrong@table=\toks15
\c@CodelineNo=\count102
))
(/home/wim/latex/local/apacite_new/apacdoc.sty
Package: apacdoc 2007/09/03 v4.00 apacite documentation style
)
(/usr/share/texmf/tex/latex/html/url.sty
Package: url 1999/03/02  ver 1.4  Verb mode for urls, email addresses, and file
 names
)
(/home/wim/latex/local/apacite_new/apacite.sty
Package: apacite 2007/09/03 v4.00 APA citation
\@AXfile=\write3
\openout3 = `apacite.adx'.


Writing author index file apacite.adx 
\c@BibCnt=\count103
\bibleftmargin=\skip47
\bibindent=\skip48
\bibparsep=\skip49
\bibitemsep=\skip50
) (/usr/share/texmf/tex/latex/base/inputenc.sty
Package: inputenc 2004/02/05 v1.0d Input encoding file

(/usr/share/texmf/tex/latex/greek/iso-8859-7.def
File: iso-8859-7.def 2004/09/04 v1.3 Greek input encoding file

iso-8859-7 input encoding file by Apostolos Syropoulos with modifications by C.
Beccari))) (/home/wim/latex/local/apacite_new/apacite.aux)
\openout1 = `apacite.aux'.

LaTeX Font Info:    Checking defaults for OML/cmm/m/it on input line 99.
LaTeX Font Info:    ... okay on input line 99.
LaTeX Font Info:    Checking defaults for T1/cmr/m/n on input line 99.
LaTeX Font Info:    ... okay on input line 99.
LaTeX Font Info:    Checking defaults for OT1/cmr/m/n on input line 99.
LaTeX Font Info:    ... okay on input line 99.
LaTeX Font Info:    Checking defaults for OMS/cmsy/m/n on input line 99.
LaTeX Font Info:    ... okay on input line 99.
LaTeX Font Info:    Checking defaults for OMX/cmex/m/n on input line 99.
LaTeX Font Info:    ... okay on input line 99.
LaTeX Font Info:    Checking defaults for U/cmr/m/n on input line 99.
LaTeX Font Info:    ... okay on input line 99.
Package doc Info: Made | a short reference for \verb on input line 99.
\@indexfile=\write4
\openout4 = `apacite.idx'.


Writing index file apacite.idx
(/home/wim/latex/local/apacite_new/apacite.dtx
***************************
* Character table correct *
***************************
LaTeX Font Info:    External font `cmex10' loaded for size
(Font)              <17.28> on input line 524.
LaTeX Font Info:    External font `cmex10' loaded for size
(Font)              <12> on input line 524.
LaTeX Font Info:    External font `cmex10' loaded for size
(Font)              <8> on input line 524.
LaTeX Font Info:    External font `cmex10' loaded for size
(Font)              <6> on input line 524.
LaTeX Font Info:    External font `cmex10' loaded for size
(Font)              <5> on input line 524.
LaTeX Font Info:    External font `cmex10' loaded for size
(Font)              <9> on input line 530.
[1

{/usr/share/texmf-var/fonts/map/pdftex/updmap/pdftex.map}]
(/home/wim/latex/local/apacite_new/apacite.toc

LaTeX Font Warning: Font shape `OT1/cmr/bx/sc' undefined
(Font)              using `OT1/cmr/bx/n' instead on input line 2.

LaTeX Font Info:    External font `cmex10' loaded for size
(Font)              <7> on input line 6.
LaTeX Font Info:    Font shape `OT1/cmtt/bx/n' in size <10> not available
(Font)              Font shape `OT1/cmtt/m/n' tried instead on input line 20.
)
\tf@toc=\write5
\openout5 = `apacite.toc'.

 [2

]
LaTeX Font Info:    Try loading font information for OMS+cmr on input line 599.

 (/usr/share/texmf/tex/latex/base/omscmr.fd
File: omscmr.fd 1999/05/25 v2.5h Standard LaTeX font definitions
)
LaTeX Font Info:    Font shape `OMS/cmr/m/n' in size <10> not available
(Font)              Font shape `OMS/cmsy/m/n' tried instead on input line 599.
 [3

] [4] [5] [6] [7]
LaTeX Font Info:    Font shape `OMS/cmtt/m/n' in size <10> not available
(Font)              Font shape `OMS/cmsy/m/n' tried instead on input line 884.
 [8]
[9] [10] [11]
Overfull \hbox (20.66045pt too wide) in paragraph at lines 1194--1202
[]\OT1/cmr/m/n/10 Following the \OT1/cmtt/m/n/10 \cite\OT1/cmr/m/n/10 --\OT1/cm
tt/m/n/10 \citeNP\OT1/cmr/m/n/10 --\OT1/cmtt/m/n/10 \citeA \OT1/cmr/m/n/10 logi
c, \OT1/cmtt/m/n/10 \citeauthor \OT1/cmr/m/n/10 should ac-tu-ally be called \OT
1/cmtt/m/n/10 \citeauthorA
 []


Overfull \hbox (8.82906pt too wide) in paragraph at lines 1194--1202
\OT1/cmr/m/n/10 and a \OT1/cmtt/m/n/10 \citeauthor \OT1/cmr/m/n/10 com-mand sho
uld be sup-plied that is the same as the cur-rent \OT1/cmtt/m/n/10 \citeauthorN
P
 []

[12] [13]
\oldtabcolsep=\skip51
 [14] [15] [16]
Overfull \hbox (11.4959pt too wide) in paragraph at lines 1578--1603
\OT1/cmr/m/n/10 typ-i-cally be used to in-di-cate what kind of work is re-ferre
d to (e.g., ``[]\OT1/cmtt/m/n/10 Unpublished manuscript\OT1/cmr/m/n/10 '').
 []

[17] [18] [19] [20] [21] [22] [23] [24] [25] [26] [27] [28] [29] [30] [31]
[32]
Overfull \hbox (1.81935pt too wide) in paragraph at lines 2752--2754
[]\OT1/cmr/m/n/10 Used for mes-sages to news-groups and the like. De-fault is `
`[]\OT1/cmtt/m/n/10 Message posted to\ \OT1/cmr/m/n/10 '',
 []

[33] [34]
Overfull \hbox (4.27348pt too wide) in paragraph at lines 2875--2913
[]
 []

[35] [36] [37] [38] [39] [40] [41] [42] [43] [44] [45] [46] [47]
LaTeX Font Info:    Font shape `OT1/cmtt/bx/n' in size <14.4> not available
(Font)              Font shape `OT1/cmtt/m/n' tried instead on input line 3779.

 [48]
Overfull \hbox (54.45886pt too wide) in paragraph at lines 3856--3859
\OT1/cmr/m/n/10 Citing the Bible. One manda-tory ar-gu-ment: rel-e-vant chap-te
r and verse, e.g., []\OT1/cmtt/m/n/10 \biblecite{1~Cor.\ 13:1}
 []

[49] [50] [51] [52] [53] [54] [55] [56] [57] [58] [59] [60] [61] [62] [63]
[64] [65] [66] [67] [68] [69] [70] [71]
Overfull \hbox (24.18771pt too wide) in paragraph at lines 4928--4942
[]$\OML/cmm/m/it/10 . $\OT1/cmr/m/n/10 In these ex-am-ples, I used the \OT1/cmt
t/m/n/10 \bibliteral\OT1/cmr/m/n/10 , \OT1/cmtt/m/n/10 \bibskipbracenodot\OT1/c
mr/m/n/10 , and \OT1/cmtt/m/n/10 \indexskipbracenodot
 []

[72] [73] [74] [75] [76]
Underfull \hbox (badness 10000) in paragraph at lines 5128--5129

 []

[77] [78]
No file apacite.gls.
LaTeX Info: Redefining \bibeditortype on input line 5218.
(/home/wim/latex/local/apacite_new/apacite.bbl [79] [80

] [81] [82] [83]
[84] [85] [86] [87] [88]) [89] (/home/wim/latex/local/apacite_new/apacite.and
[90

] [91] [92])
No file apacite.ind.
) (/home/wim/latex/local/apacite_new/apacite.aux)

LaTeX Font Warning: Some font shapes were not available, defaults substituted.

 ) 
Here is how much of TeX's memory you used:
 2045 strings out of 94500
 23256 string characters out of 1176766
 133312 words of memory out of 1000000
 5220 multiletter control sequences out of 10000+50000
 14171 words of font info for 50 fonts, out of 500000 for 2000
 580 hyphenation exceptions out of 1000
 30i,9n,30p,546b,464s stack positions out of 1500i,500n,5000p,200000b,5000s
PDF statistics:
 385 PDF objects out of 300000
 0 named destinations out of 131072
 1 words of extra memory for PDF output out of 65536
</usr/share/texmf/fonts/type1/bluesky/cm/cmti7.pfb></usr/share/texmf/fonts/ty
pe1/bluesky/cm/cmtt12.pfb></usr/share/texmf/fonts/type1/bluesky/cm/cmsl10.pfb><
/usr/share/texmf/fonts/type1/bluesky/cm/cmmi5.pfb></usr/share/texmf/fonts/type1
/bluesky/cm/cmmi9.pfb></usr/share/texmf/fonts/type1/bluesky/cm/cmsy9.pfb></usr/
share/texmf/fonts/type1/bluesky/cm/cmmi10.pfb></usr/share/texmf/fonts/type1/blu
esky/cm/cmsy7.pfb></usr/share/texmf/fonts/type1/bluesky/cm/cmtt8.pfb></usr/shar
e/texmf/fonts/type1/bluesky/cm/cmssbx10.pfb></usr/share/texmf/fonts/type1/blues
ky/cm/cmtt9.pfb></usr/share/texmf/fonts/type1/bluesky/cm/cmr7.pfb></usr/share/t
exmf/fonts/type1/bluesky/cm/cmti10.pfb></usr/share/texmf/fonts/type1/bluesky/cm
/cmtt10.pfb></usr/share/texmf/fonts/type1/bluesky/cm/cmss10.pfb></usr/share/tex
mf/fonts/type1/bluesky/cm/cmbx10.pfb></usr/share/texmf/fonts/type1/bluesky/cm/c
mbx12.pfb></usr/share/texmf/fonts/type1/bluesky/cm/cmr10.pfb></usr/share/texmf/
fonts/type1/bluesky/cm/cmss8.pfb></usr/share/texmf/fonts/type1/bluesky/cm/cmsy6
.pfb></usr/share/texmf/fonts/type1/bluesky/cm/cmr6.pfb></usr/share/texmf/fonts/
type1/bluesky/cm/cmss9.pfb></usr/share/texmf/fonts/type1/bluesky/cm/cmr9.pfb></
usr/share/texmf/fonts/type1/bluesky/cm/cmbx9.pfb></usr/share/texmf/fonts/type1/
bluesky/cm/cmss12.pfb></usr/share/texmf/fonts/type1/bluesky/cm/cmcsc10.pfb></us
r/share/texmf/fonts/type1/bluesky/cm/cmr8.pfb></usr/share/texmf/fonts/type1/blu
esky/cm/cmr12.pfb></usr/share/texmf/fonts/type1/bluesky/cm/cmsy10.pfb></usr/sha
re/texmf/fonts/type1/bluesky/cm/cmss17.pfb></usr/share/texmf/fonts/type1/bluesk
y/cm/cmr17.pfb>
Output written on apacite.pdf (92 pages, 513009 bytes).
