This is TeX, Version 3.141592 (Web2C 7.5.4) (format=tex 2007.8.30)  21 NOV 2007 15:03
**nomencl.ins
(/home/wim/latex/local/nomencl_old/nomencl.ins
(/usr/share/texmf/tex/latex/base/docstrip.tex
\blockLevel=\count26
\emptyLines=\count27
\processedLines=\count28
\commentsRemoved=\count29
\commentsPassed=\count30
\codeLinesPassed=\count31
\TotalprocessedLines=\count32
\TotalcommentsRemoved=\count33
\TotalcommentsPassed=\count34
\TotalcodeLinesPassed=\count35
\NumberOfFiles=\count36
\inFile=\read0
\inputcheck=\read1
\@tempcnta=\count37
\off@0=\count38
\off@1=\count39
\off@2=\count40
\off@3=\count41
\off@4=\count42
\off@5=\count43
\off@6=\count44
\off@7=\count45
\off@8=\count46
\off@9=\count47
\off@10=\count48
\off@11=\count49
\off@12=\count50
\off@13=\count51
\off@14=\count52
\off@15=\count53
\@temptokena=\toks12
\@maxfiles=\count54
\@maxoutfiles=\count55

Utility: `docstrip' 2.5c <2003/09/18>
English documentation    <1999/03/31>

**********************************************************
* This program converts documented macro-files into fast *
* loadable files by stripping off (nearly) all comments! *
**********************************************************

********************************************************
* No Configuration file found, using default settings. *
********************************************************

)
File nomencl.sty already exists somewhere on the system.
Overwrite it if necessary? [y/n]
\answer=y

File sample01.cfg already exists somewhere on the system.
Overwrite it if necessary? [y/n]
\answer=y

File sample04.cfg already exists somewhere on the system.
Overwrite it if necessary? [y/n]
\answer=y

File sample05.cfg already exists somewhere on the system.
Overwrite it if necessary? [y/n]
\answer=y

File nomencl.drv already exists somewhere on the system.
Overwrite it if necessary? [y/n]
\answer=y

File nomencl.ist already exists somewhere on the system.
Overwrite it if necessary? [y/n]
\answer=y

Generating file(s) nomencl.sty sample01.cfg sample02.cfg sample04.cfg sample05.
cfg nomencl.drv nomencl.ist 
\openout0 = `nomencl.sty'.

\openout1 = `sample01.cfg'.

\openout2 = `sample02.cfg'.

\openout3 = `sample04.cfg'.

\openout4 = `sample05.cfg'.

\openout5 = `nomencl.drv'.

\openout6 = `nomencl.ist'.


Processing file nomencl.dtx (package) -> nomencl.sty
                            (sample01) -> sample01.cfg
                            (sample02) -> sample02.cfg
                            (sample04) -> sample04.cfg
                            (sample05) -> sample05.cfg
                            (driver) -> nomencl.drv
                            (idxstyle) -> nomencl.ist
Lines  processed: 1303
Comments removed: 1020
Comments  passed: 31
Codelines passed: 232

 )
No pages of output.
